Running: D:\Xilinx\12.4\ISE_DS\ISE\bin\nt\unwrapped\fuse.exe -intstyle ise -incremental -o C:/alumnos/ProCelt1/test_sumador40_isim_beh.exe -prj C:/alumnos/ProCelt1/test_sumador40_beh.prj work.test_sumador40 
ISim M.81d (signature 0xcb73ee62)
Number of CPUs detected in this system: 2
Turning on mult-threading, number of parallel sub-compilation jobs: 4 
Determining compilation order of HDL files
Parsing VHDL file "C:/alumnos/ProCelt1/sumador40.vhd" into library work
Parsing VHDL file "C:/alumnos/ProCelt1/test_sumador40.vhd" into library work
Starting static elaboration
Completed static elaboration
Fuse Memory Usage: 60348 KB
Fuse CPU Usage: 187 ms
Using precompiled package standard from library std
Using precompiled package std_logic_1164 from library ieee
Using precompiled package std_logic_arith from library ieee
Using precompiled package std_logic_unsigned from library ieee
Compiling architecture behavioral of entity sumador40 [sumador40_default]
Compiling architecture behavior of entity test_sumador40
Time Resolution for simulation is 1ps.
Compiled 7 VHDL Units
Built simulation executable C:/alumnos/ProCelt1/test_sumador40_isim_beh.exe
Fuse Memory Usage: 65984 KB
Fuse CPU Usage: 233 ms
